Unity Editor version:    2020.3.29f1 (2ff179115da0)
Branch:                  2020.3/staging
Build type:              Release
Batch mode:              YES
macOS version:           Version 10.15.7 (Build 19H1615)
Darwin version:          19.6.0
Architecture:            x86_64
Running under Rosetta:   NO
Available memory:        8192 MB
Using pre-set license
Pro License: NO

COMMAND LINE ARGUMENTS:
/Applications/Unity/Unity.app/Contents/MacOS/Unity
-adb2
-batchMode
-noUpm
-name
AssetImportWorker0
-projectPath
/Users/alexlag/CelluloLogic/CelluloLogicGame
-logFile
Logs/AssetImportWorker0.log
-srvPort
54285
Successfully changed project path to: /Users/alexlag/CelluloLogic/CelluloLogicGame
/Users/alexlag/CelluloLogic/CelluloLogicGame
Using Asset Import Pipeline V2.
Refreshing native plugins compatible for Editor in 115.26 ms, found 4 plugins.
Preloading 2 native plugins for Editor in 40.12 ms.
Initialize engine version: 2020.3.29f1 (2ff179115da0)
[Subsystems] Discovering subsystems at path /Applications/Unity/Unity.app/Contents/Resources/UnitySubsystems
[Subsystems] Discovering subsystems at path /Users/alexlag/CelluloLogic/CelluloLogicGame/Assets
GfxDevice: creating device client; threaded=0
2022-05-05 11:42:44.893 Unity[68178:3479408] Color LCD preferred device: Intel(R) UHD Graphics 617 (low power)
2022-05-05 11:42:44.893 Unity[68178:3479408] Metal devices available: 1
2022-05-05 11:42:44.893 Unity[68178:3479408] 0: Intel(R) UHD Graphics 617 (low power)
2022-05-05 11:42:44.894 Unity[68178:3479408] Using device Intel(R) UHD Graphics 617 (low power)
Initializing Metal device caps: Intel(R) UHD Graphics 617
Initialize mono
Mono path[0] = '/Applications/Unity/Unity.app/Contents/Managed'
Mono path[1] = '/Applications/Unity/Unity.app/Contents/MonoBleedingEdge/lib/mono/unityjit'
Mono config path = '/Applications/Unity/Unity.app/Contents/MonoBleedingEdge/etc'
Using monoOptions --debugger-agent=transport=dt_socket,embedding=1,server=y,suspend=n,address=127.0.0.1:56178
Begin MonoManager ReloadAssembly
Registering precompiled unity dll's ...
Register platform support module: /Applications/Unity/Unity.app/Contents/PlaybackEngines/MacStandaloneSupport/UnityEditor.OSXStandalone.Extensions.dll
Registered in 0.003769 seconds.
Native extension for OSXStandalone target not found
Refreshing native plugins compatible for Editor in 52.51 ms, found 4 plugins.
Preloading 2 native plugins for Editor in 5.10 ms.
Mono: successfully reloaded assembly
- Completed reload, in  0.993 seconds
Domain Reload Profiling:
	ReloadAssembly (993ms)
		BeginReloadAssembly (159ms)
			ExecutionOrderSort (0ms)
			DisableScriptedObjects (0ms)
			BackupInstance (0ms)
			ReleaseScriptingObjects (0ms)
			CreateAndSetChildDomain (1ms)
		EndReloadAssembly (718ms)
			LoadAssemblies (159ms)
			RebuildTransferFunctionScriptingTraits (0ms)
			SetupTypeCache (269ms)
			ReleaseScriptCaches (0ms)
			RebuildScriptCaches (55ms)
			SetupLoadedEditorAssemblies (274ms)
				LogAssemblyErrors (0ms)
				InitializePlatformSupportModulesInManaged (6ms)
				SetLoadedEditorAssemblies (1ms)
				RefreshPlugins (58ms)
				BeforeProcessingInitializeOnLoad (16ms)
				ProcessInitializeOnLoadAttributes (147ms)
				ProcessInitializeOnLoadMethodAttributes (46ms)
				AfterProcessingInitializeOnLoad (0ms)
				EditorAssembliesLoaded (0ms)
			ExecutionOrderSort2 (0ms)
			AwakeInstancesAfterBackupRestoration (0ms)
Platform modules already initialized, skipping
Registering precompiled user dll's ...
Registered in 0.012031 seconds.
Begin MonoManager ReloadAssembly
Native extension for OSXStandalone target not found
Refreshing native plugins compatible for Editor in 1.73 ms, found 4 plugins.
Preloading 2 native plugins for Editor in 3.62 ms.
Mono: successfully reloaded assembly
- Completed reload, in  2.956 seconds
Domain Reload Profiling:
	ReloadAssembly (2957ms)
		BeginReloadAssembly (552ms)
			ExecutionOrderSort (0ms)
			DisableScriptedObjects (12ms)
			BackupInstance (0ms)
			ReleaseScriptingObjects (0ms)
			CreateAndSetChildDomain (141ms)
		EndReloadAssembly (2297ms)
			LoadAssemblies (248ms)
			RebuildTransferFunctionScriptingTraits (0ms)
			SetupTypeCache (1314ms)
			ReleaseScriptCaches (1ms)
			RebuildScriptCaches (153ms)
			SetupLoadedEditorAssemblies (454ms)
				LogAssemblyErrors (0ms)
				InitializePlatformSupportModulesInManaged (7ms)
				SetLoadedEditorAssemblies (1ms)
				RefreshPlugins (5ms)
				BeforeProcessingInitializeOnLoad (71ms)
				ProcessInitializeOnLoadAttributes (348ms)
				ProcessInitializeOnLoadMethodAttributes (19ms)
				AfterProcessingInitializeOnLoad (3ms)
				EditorAssembliesLoaded (0ms)
			ExecutionOrderSort2 (0ms)
			AwakeInstancesAfterBackupRestoration (14ms)
Platform modules already initialized, skipping
Validating Project structure ... 0.008292 seconds.
Shader import version has changed; will reimport all shaders...
Upgrading shader files ...0.045599 seconds.
Application.AssetDatabase Initial Script Refresh Start
RefreshInfo: InitialScriptRefreshV2(NoUpdateAssetOptions) scanfilter:  ... 1 filters
RefreshProfiler: Total: 0.000ms
Application.AssetDatabase Initial Script Refresh End
Application.AssetDatabase.Refresh Start
Application.AssetDatabase.Refresh End
RefreshInfo: StopAssetImportingV2(ForceSynchronousImport) scanfilter: 
RefreshProfiler: Total: 0.000ms
Launching external process: /Applications/Unity/Unity.app/Contents/Tools/UnityShaderCompiler
Launched and connected shader compiler UnityShaderCompiler after 0.03 seconds
Initializing Unity extensions:
========================================================================
Worker process is ready to serve import requests
Refreshing native plugins compatible for Editor in 0.53 ms, found 4 plugins.
Preloading 2 native plugins for Editor in 7.28 ms.
Unloading 1558 Unused Serialized files (Serialized files now loaded: 0)
System memory in use before: 180.2 MB.
System memory in use after: 179.4 MB.

Unloading 99 unused Assets to reduce memory usage. Loaded Objects now: 2031.
Total: 8.237694 ms (FindLiveObjects: 1.236031 ms CreateObjectMapping: 0.431793 ms MarkObjects: 5.697130 ms  DeleteObjects: 0.870623 ms)

AssetImportParameters requested are different than current active one (requested -> active):
  custom:video-decoder-ogg-theora: a1e56fd34408186e4bbccfd4996cb3dc -> 
  custom:container-muxer-webm: aa71ff27fc2769a1b78a27578f13a17b -> 
  custom:container-demuxer-webm: 4f35f7cbe854078d1ac9338744f61a02 -> 
  custom:container-demuxer-ogg: 62fdf1f143b41e24485cea50d1cbac27 -> 
  custom:video-encoder-webm-vp8: eb34c28f22e8b96e1ab97ce403110664 -> 
  custom:framework-osx-AVFoundation: b23960f63f64bdc6ff669e2cdcee2391 -> 
  custom:video-decoder-webm-vp8: 9c59270c3fd7afecdb556c50c9e8de78 -> 
  custom:audio-decoder-ogg-vorbis: bf7c407c2cedff20999df2af8eb42d56 -> 
  custom:audio-encoder-webm-vorbis: bf7c407c2cedff20999df2af8eb42d56 -> 
========================================================================
Received Import Request.
  path: Assets/Prefabs/MapCelluloManager.prefab
  artifactKey: Guid(6f5f6d7624c2ce5cc8896e584e30f1c5) Importer(815301076,1909f56bfc062723c751e8b465ee728b)
Start importing Assets/Prefabs/MapCelluloManager.prefab using Guid(6f5f6d7624c2ce5cc8896e584e30f1c5) Importer(815301076,1909f56bfc062723c751e8b465ee728b)  -> (artifact id: '7fc213416c92f4846779c6a8f1595277') in 1.870357 seconds 
  Import took 1.899623 seconds .

========================================================================
Received Import Request.
  Time since last request: 127.551074 seconds.
  path: Assets/Textures/A3Map.png
  artifactKey: Guid(10e4372930588a8789dcdf085e1a4601) Importer(815301076,1909f56bfc062723c751e8b465ee728b)
Start importing Assets/Textures/A3Map.png using Guid(10e4372930588a8789dcdf085e1a4601) Importer(815301076,1909f56bfc062723c751e8b465ee728b)  -> (artifact id: 'f0273b7010eba54ff72c86ae948f90e6') in 0.639223 seconds 
  Import took 0.652521 seconds .

========================================================================
Received Import Request.
  Time since last request: 0.000368 seconds.
  path: Assets/Textures/blank_dotted-1.png
  artifactKey: Guid(56851c15eab01ec4f91654fe0fcae929) Importer(815301076,1909f56bfc062723c751e8b465ee728b)
Start importing Assets/Textures/blank_dotted-1.png using Guid(56851c15eab01ec4f91654fe0fcae929) Importer(815301076,1909f56bfc062723c751e8b465ee728b)  -> (artifact id: 'cac970478ad5bc4c1463bab249be1bba') in 0.035472 seconds 
  Import took 0.040905 seconds .

========================================================================
Received Import Request.
  Time since last request: 0.000554 seconds.
  path: Assets/Textures/SimpleGameMap.png
  artifactKey: Guid(1c920f48da562d34b9325d363be949b6) Importer(815301076,1909f56bfc062723c751e8b465ee728b)
Start importing Assets/Textures/SimpleGameMap.png using Guid(1c920f48da562d34b9325d363be949b6) Importer(815301076,1909f56bfc062723c751e8b465ee728b)  -> (artifact id: '7fadb6b4c9bb981a84f8e594bacb2e91') in 0.070492 seconds 
  Import took 0.079794 seconds .

AssetImportWorkerClient::OnTransportError - code=2 error=End of file
